0 info it worked if it ends with ok
1 verbose cli [ 'C:\\Program Files\\nodejs\\node.exe',
1 verbose cli   'C:\\Program Files\\nodejs\\node_modules\\npm\\bin\\npm-cli.js',
1 verbose cli   'run',
1 verbose cli   'watch' ]
2 info using npm@4.1.2
3 info using node@v7.7.1
4 verbose run-script [ 'prewatch', 'watch', 'postwatch' ]
5 info lifecycle project_maga@1.0.0~prewatch: project_maga@1.0.0
6 silly lifecycle project_maga@1.0.0~prewatch: no script for prewatch, continuing
7 info lifecycle project_maga@1.0.0~watch: project_maga@1.0.0
8 verbose lifecycle project_maga@1.0.0~watch: unsafe-perm in lifecycle true
9 verbose lifecycle project_maga@1.0.0~watch: PATH: C:\Program Files\nodejs\node_modules\npm\bin\node-gyp-bin;C:\xampp\php\Project_MAGA\node_modules\.bin;C:\Windows\system32;C:\Windows;C:\Windows\System32\Wbem;C:\Windows\System32\WindowsPowerShell\v1.0\;C:\Program Files\Git\cmd;C:\Program Files\nodejs\;C:\Program Files (x86)\Skype\Phone\;C:\xampp\php;C:\ProgramData\ComposerSetup\bin;C:\Users\Spifi\AppData\Local\Microsoft\WindowsApps;C:\Users\Spifi\AppData\Roaming\npm;C:\Users\Spifi\AppData\Roaming\Composer\vendor\bin
10 verbose lifecycle project_maga@1.0.0~watch: CWD: C:\xampp\php\Project_MAGA
11 silly lifecycle project_maga@1.0.0~watch: Args: [ '/d /s /c',
11 silly lifecycle   'cross-env NODE_ENV=development node_modules/webpack/bin/webpack.js --watch --hide-modules --config=node_modules/laravel-mix/setup/webpack.config.js' ]
12 silly lifecycle project_maga@1.0.0~watch: Returned: code: 1  signal: null
13 info lifecycle project_maga@1.0.0~watch: Failed to exec watch script
14 verbose stack Error: project_maga@1.0.0 watch: `cross-env NODE_ENV=development node_modules/webpack/bin/webpack.js --watch --hide-modules --config=node_modules/laravel-mix/setup/webpack.config.js`
14 verbose stack Exit status 1
14 verbose stack     at EventEmitter.<anonymous> (C:\Program Files\nodejs\node_modules\npm\lib\utils\lifecycle.js:279:16)
14 verbose stack     at emitTwo (events.js:106:13)
14 verbose stack     at EventEmitter.emit (events.js:194:7)
14 verbose stack     at ChildProcess.<anonymous> (C:\Program Files\nodejs\node_modules\npm\lib\utils\spawn.js:40:14)
14 verbose stack     at emitTwo (events.js:106:13)
14 verbose stack     at ChildProcess.emit (events.js:194:7)
14 verbose stack     at maybeClose (internal/child_process.js:899:16)
14 verbose stack     at Process.ChildProcess._handle.onexit (internal/child_process.js:226:5)
15 verbose pkgid project_maga@1.0.0
16 verbose cwd C:\xampp\php\Project_MAGA
17 error Windows_NT 10.0.14393
18 error argv "C:\\Program Files\\nodejs\\node.exe" "C:\\Program Files\\nodejs\\node_modules\\npm\\bin\\npm-cli.js" "run" "watch"
19 error node v7.7.1
20 error npm  v4.1.2
21 error code ELIFECYCLE
22 error project_maga@1.0.0 watch: `cross-env NODE_ENV=development node_modules/webpack/bin/webpack.js --watch --hide-modules --config=node_modules/laravel-mix/setup/webpack.config.js`
22 error Exit status 1
23 error Failed at the project_maga@1.0.0 watch script 'cross-env NODE_ENV=development node_modules/webpack/bin/webpack.js --watch --hide-modules --config=node_modules/laravel-mix/setup/webpack.config.js'.
23 error Make sure you have the latest version of node.js and npm installed.
23 error If you do, this is most likely a problem with the project_maga package,
23 error not with npm itself.
23 error Tell the author that this fails on your system:
23 error     cross-env NODE_ENV=development node_modules/webpack/bin/webpack.js --watch --hide-modules --config=node_modules/laravel-mix/setup/webpack.config.js
23 error You can get information on how to open an issue for this project with:
23 error     npm bugs project_maga
23 error Or if that isn't available, you can get their info via:
23 error     npm owner ls project_maga
23 error There is likely additional logging output above.
24 verbose exit [ 1, true ]
